<?xml version="1.0" encoding="UTF-8"?>
<!-- Generated by org.testng.reporters.JUnitReportReporter -->
<testsuite hostname="LAPTOP-A3F9S563" failures="0" tests="1" name="TestCases.HomeTest" time="2.271" errors="0" timestamp="2021-05-10T11:57:04 IST" skipped="0">
  <testcase classname="TestCases.HomeTest" name="homeTest" time="2.271"/>
  <system-out/>
</testsuite> <!-- TestCases.HomeTest -->
