<?xml version="1.0" encoding="UTF-8"?>
<!-- Generated by org.testng.reporters.JUnitReportReporter -->
<testsuite hostname="LAPTOP-A3F9S563" failures="0" tests="1" name="TestCases.SignInTest" time="3.994" errors="0" timestamp="2021-05-10T11:57:04 IST" skipped="0">
  <testcase classname="TestCases.SignInTest" name="signInTest" time="3.994"/>
  <system-out/>
</testsuite> <!-- TestCases.SignInTest -->
